Analysis & Synthesis report for top
Tue Apr 07 14:32:49 2020
Quartus Prime Version 19.1.0 Build 670 09/22/2019 SJ Lite Edition


---------------------
; Table of Contents ;
---------------------
  1. Legal Notice
  2. Analysis & Synthesis Summary
  3. Analysis & Synthesis Settings
  4. Parallel Compilation
  5. Analysis & Synthesis Source Files Read
  6. Analysis & Synthesis Resource Usage Summary
  7. Analysis & Synthesis Resource Utilization by Entity
  8. Registers Removed During Synthesis
  9. Removed Registers Triggering Further Register Optimizations
 10. General Register Statistics
 11. Port Connectivity Checks: "comparator_ae:unit2"
 12. Port Connectivity Checks: "counter:unit1"
 13. Post-Synthesis Netlist Statistics for Top Partition
 14. Elapsed Time Per Partition
 15. Analysis & Synthesis Messages
 16. Analysis & Synthesis Suppressed Messages



----------------
; Legal Notice ;
----------------
Copyright (C) 2019  Intel Corporation. All rights reserved.
Your use of Intel Corporation's design tools, logic functions 
and other software and tools, and any partner logic 
functions, and any output files from any of the foregoing 
(including device programming or simulation files), and any 
associated documentation or information are expressly subject 
to the terms and conditions of the Intel Program License 
Subscription Agreement, the Intel Quartus Prime License Agreement,
the Intel FPGA IP License Agreement, or other applicable license
agreement, including, without limitation, that your use is for
the sole purpose of programming logic devices manufactured by
Intel and sold by Intel or its authorized distributors.  Please
refer to the applicable agreement for further details, at
https://fpgasoftware.intel.com/eula.



+-------------------------------------------------------------------------------+
; Analysis & Synthesis Summary                                                  ;
+---------------------------------+---------------------------------------------+
; Analysis & Synthesis Status     ; Successful - Tue Apr 07 14:32:49 2020       ;
; Quartus Prime Version           ; 19.1.0 Build 670 09/22/2019 SJ Lite Edition ;
; Revision Name                   ; top                                         ;
; Top-level Entity Name           ; top                                         ;
; Family                          ; Cyclone V                                   ;
; Logic utilization (in ALMs)     ; N/A                                         ;
; Total registers                 ; 33                                          ;
; Total pins                      ; 38                                          ;
; Total virtual pins              ; 0                                           ;
; Total block memory bits         ; 0                                           ;
; Total DSP Blocks                ; 0                                           ;
; Total HSSI RX PCSs              ; 0                                           ;
; Total HSSI PMA RX Deserializers ; 0                                           ;
; Total HSSI TX PCSs              ; 0                                           ;
; Total HSSI PMA TX Serializers   ; 0                                           ;
; Total PLLs                      ; 0                                           ;
; Total DLLs                      ; 0                                           ;
+---------------------------------+---------------------------------------------+


+---------------------------------------------------------------------------------------------------------------------------+
; Analysis & Synthesis Settings                                                                                             ;
+---------------------------------------------------------------------------------+--------------------+--------------------+
; Option                                                                          ; Setting            ; Default Value      ;
+---------------------------------------------------------------------------------+--------------------+--------------------+
; Device                                                                          ; 5CGXFC7C7F23C8     ;                    ;
; Top-level entity name                                                           ; top                ; top                ;
; Family name                                                                     ; Cyclone V          ; Cyclone V          ;
; Use smart compilation                                                           ; Off                ; Off                ;
; Enable parallel Assembler and Timing Analyzer during compilation                ; On                 ; On                 ;
; Enable compact report table                                                     ; Off                ; Off                ;
; Restructure Multiplexers                                                        ; Auto               ; Auto               ;
; MLAB Add Timing Constraints For Mixed-Port Feed-Through Mode Setting Don't Care ; Off                ; Off                ;
; Create Debugging Nodes for IP Cores                                             ; Off                ; Off                ;
; Preserve fewer node names                                                       ; On                 ; On                 ;
; Intel FPGA IP Evaluation Mode                                                   ; Enable             ; Enable             ;
; Verilog Version                                                                 ; Verilog_2001       ; Verilog_2001       ;
; VHDL Version                                                                    ; VHDL_1993          ; VHDL_1993          ;
; State Machine Processing                                                        ; Auto               ; Auto               ;
; Safe State Machine                                                              ; Off                ; Off                ;
; Extract Verilog State Machines                                                  ; On                 ; On                 ;
; Extract VHDL State Machines                                                     ; On                 ; On                 ;
; Ignore Verilog initial constructs                                               ; Off                ; Off                ;
; Iteration limit for constant Verilog loops                                      ; 5000               ; 5000               ;
; Iteration limit for non-constant Verilog loops                                  ; 250                ; 250                ;
; Add Pass-Through Logic to Inferred RAMs                                         ; On                 ; On                 ;
; Infer RAMs from Raw Logic                                                       ; On                 ; On                 ;
; Parallel Synthesis                                                              ; On                 ; On                 ;
; DSP Block Balancing                                                             ; Auto               ; Auto               ;
; NOT Gate Push-Back                                                              ; On                 ; On                 ;
; Power-Up Don't Care                                                             ; On                 ; On                 ;
; Remove Redundant Logic Cells                                                    ; Off                ; Off                ;
; Remove Duplicate Registers                                                      ; On                 ; On                 ;
; Ignore CARRY Buffers                                                            ; Off                ; Off                ;
; Ignore CASCADE Buffers                                                          ; Off                ; Off                ;
; Ignore GLOBAL Buffers                                                           ; Off                ; Off                ;
; Ignore ROW GLOBAL Buffers                                                       ; Off                ; Off                ;
; Ignore LCELL Buffers                                                            ; Off                ; Off                ;
; Ignore SOFT Buffers                                                             ; On                 ; On                 ;
; Limit AHDL Integers to 32 Bits                                                  ; Off                ; Off                ;
; Optimization Technique                                                          ; Balanced           ; Balanced           ;
; Carry Chain Length                                                              ; 70                 ; 70                 ;
; Auto Carry Chains                                                               ; On                 ; On                 ;
; Auto Open-Drain Pins                                                            ; On                 ; On                 ;
; Perform WYSIWYG Primitive Resynthesis                                           ; Off                ; Off                ;
; Auto ROM Replacement                                                            ; On                 ; On                 ;
; Auto RAM Replacement                                                            ; On                 ; On                 ;
; Auto DSP Block Replacement                                                      ; On                 ; On                 ;
; Auto Shift Register Replacement                                                 ; Auto               ; Auto               ;
; Allow Shift Register Merging across Hierarchies                                 ; Auto               ; Auto               ;
; Auto Clock Enable Replacement                                                   ; On                 ; On                 ;
; Strict RAM Replacement                                                          ; Off                ; Off                ;
; Allow Synchronous Control Signals                                               ; On                 ; On                 ;
; Force Use of Synchronous Clear Signals                                          ; Off                ; Off                ;
; Auto Resource Sharing                                                           ; Off                ; Off                ;
; Allow Any RAM Size For Recognition                                              ; Off                ; Off                ;
; Allow Any ROM Size For Recognition                                              ; Off                ; Off                ;
; Allow Any Shift Register Size For Recognition                                   ; Off                ; Off                ;
; Use LogicLock Constraints during Resource Balancing                             ; On                 ; On                 ;
; Ignore translate_off and synthesis_off directives                               ; Off                ; Off                ;
; Timing-Driven Synthesis                                                         ; On                 ; On                 ;
; Report Parameter Settings                                                       ; On                 ; On                 ;
; Report Source Assignments                                                       ; On                 ; On                 ;
; Report Connectivity Checks                                                      ; On                 ; On                 ;
; Ignore Maximum Fan-Out Assignments                                              ; Off                ; Off                ;
; Synchronization Register Chain Length                                           ; 3                  ; 3                  ;
; Power Optimization During Synthesis                                             ; Normal compilation ; Normal compilation ;
; HDL message level                                                               ; Level2             ; Level2             ;
; Suppress Register Optimization Related Messages                                 ; Off                ; Off                ;
; Number of Removed Registers Reported in Synthesis Report                        ; 5000               ; 5000               ;
; Number of Swept Nodes Reported in Synthesis Report                              ; 5000               ; 5000               ;
; Number of Inverted Registers Reported in Synthesis Report                       ; 100                ; 100                ;
; Clock MUX Protection                                                            ; On                 ; On                 ;
; Auto Gated Clock Conversion                                                     ; Off                ; Off                ;
; Block Design Naming                                                             ; Auto               ; Auto               ;
; SDC constraint protection                                                       ; Off                ; Off                ;
; Synthesis Effort                                                                ; Auto               ; Auto               ;
; Shift Register Replacement - Allow Asynchronous Clear Signal                    ; On                 ; On                 ;
; Pre-Mapping Resynthesis Optimization                                            ; Off                ; Off                ;
; Analysis & Synthesis Message Level                                              ; Medium             ; Medium             ;
; Disable Register Merging Across Hierarchies                                     ; Auto               ; Auto               ;
; Resource Aware Inference For Block RAM                                          ; On                 ; On                 ;
; Automatic Parallel Synthesis                                                    ; On                 ; On                 ;
; Partial Reconfiguration Bitstream ID                                            ; Off                ; Off                ;
+---------------------------------------------------------------------------------+--------------------+--------------------+


+------------------------------------------+
; Parallel Compilation                     ;
+----------------------------+-------------+
; Processors                 ; Number      ;
+----------------------------+-------------+
; Number detected on machine ; 8           ;
; Maximum allowed            ; 4           ;
;                            ;             ;
; Average used               ; 1.00        ;
; Maximum used               ; 1           ;
;                            ;             ;
; Usage by Processor         ; % Time Used ;
;     Processor 1            ; 100.0%      ;
+----------------------------+-------------+


+----------------------------------------------------------------------------------------------------------------------------------------------------------------------------+
; Analysis & Synthesis Source Files Read                                                                                                                                     ;
+----------------------------------+-----------------+------------------------+------------------------------------------------------------------------------------+---------+
; File Name with User-Entered Path ; Used in Netlist ; File Type              ; File Name with Absolute Path                                                       ; Library ;
+----------------------------------+-----------------+------------------------+------------------------------------------------------------------------------------+---------+
; counter.v                        ; yes             ; User Verilog HDL File  ; C:/Users/thema/Documents/Laborator CID - Mihai Antonescu/CID Lab 6/counter.v       ;         ;
; toggle_ff.v                      ; yes             ; User Verilog HDL File  ; C:/Users/thema/Documents/Laborator CID - Mihai Antonescu/CID Lab 6/toggle_ff.v     ;         ;
; freq_div.v                       ; yes             ; User Verilog HDL File  ; C:/Users/thema/Documents/Laborator CID - Mihai Antonescu/CID Lab 6/freq_div.v      ;         ;
; comparator_ae.v                  ; yes             ; User Verilog HDL File  ; C:/Users/thema/Documents/Laborator CID - Mihai Antonescu/CID Lab 6/comparator_ae.v ;         ;
; top.v                            ; yes             ; User Verilog HDL File  ; C:/Users/thema/Documents/Laborator CID - Mihai Antonescu/CID Lab 6/top.v           ;         ;
+----------------------------------+-----------------+------------------------+------------------------------------------------------------------------------------+---------+


+---------------------------------------------------------+
; Analysis & Synthesis Resource Usage Summary             ;
+---------------------------------------------+-----------+
; Resource                                    ; Usage     ;
+---------------------------------------------+-----------+
; Estimate of Logic utilization (ALMs needed) ; 17        ;
;                                             ;           ;
; Combinational ALUT usage for logic          ; 33        ;
;     -- 7 input functions                    ; 0         ;
;     -- 6 input functions                    ; 0         ;
;     -- 5 input functions                    ; 0         ;
;     -- 4 input functions                    ; 0         ;
;     -- <=3 input functions                  ; 33        ;
;                                             ;           ;
; Dedicated logic registers                   ; 33        ;
;                                             ;           ;
; I/O pins                                    ; 38        ;
;                                             ;           ;
; Total DSP Blocks                            ; 0         ;
;                                             ;           ;
; Maximum fan-out node                        ; clk~input ;
; Maximum fan-out                             ; 33        ;
; Total fan-out                               ; 235       ;
; Average fan-out                             ; 1.65      ;
+---------------------------------------------+-----------+


+----------------------------------------------------------------------------------------------------------------------------------------------------------------------------------------+
; Analysis & Synthesis Resource Utilization by Entity                                                                                                                                    ;
+----------------------------+---------------------+---------------------------+-------------------+------------+------+--------------+---------------------+-------------+--------------+
; Compilation Hierarchy Node ; Combinational ALUTs ; Dedicated Logic Registers ; Block Memory Bits ; DSP Blocks ; Pins ; Virtual Pins ; Full Hierarchy Name ; Entity Name ; Library Name ;
+----------------------------+---------------------+---------------------------+-------------------+------------+------+--------------+---------------------+-------------+--------------+
; |top                       ; 33 (0)              ; 33 (0)                    ; 0                 ; 0          ; 38   ; 0            ; |top                ; top         ; work         ;
;    |freq_div:unit4|        ; 33 (33)             ; 33 (33)                   ; 0                 ; 0          ; 0    ; 0            ; |top|freq_div:unit4 ; freq_div    ; work         ;
+----------------------------+---------------------+---------------------------+-------------------+------------+------+--------------+---------------------+-------------+--------------+
Note: For table entries with two numbers listed, the numbers in parentheses indicate the number of resources of the given type used by the specific entity alone. The numbers listed outside of parentheses indicate the total resources of the given type used by the specific entity and all of its sub-entities in the hierarchy.


+---------------------------------------------------------------------------------+
; Registers Removed During Synthesis                                              ;
+----------------------------------------+----------------------------------------+
; Register name                          ; Reason for Removal                     ;
+----------------------------------------+----------------------------------------+
; counter:unit1|out_value[0..32]         ; Lost fanout                            ;
; toggle_ff:unit3|value                  ; Stuck at GND due to stuck port data_in ;
; Total Number of Removed Registers = 34 ;                                        ;
+----------------------------------------+----------------------------------------+


+----------------------------------------------------------------------------------------------------------+
; Removed Registers Triggering Further Register Optimizations                                              ;
+----------------------------+--------------------+--------------------------------------------------------+
; Register name              ; Reason for Removal ; Registers Removed due to This Register                 ;
+----------------------------+--------------------+--------------------------------------------------------+
; counter:unit1|out_value[1] ; Lost Fanouts       ; counter:unit1|out_value[0], counter:unit1|out_value[2] ;
+----------------------------+--------------------+--------------------------------------------------------+


+------------------------------------------------------+
; General Register Statistics                          ;
+----------------------------------------------+-------+
; Statistic                                    ; Value ;
+----------------------------------------------+-------+
; Total registers                              ; 33    ;
; Number of registers using Synchronous Clear  ; 33    ;
; Number of registers using Synchronous Load   ; 0     ;
; Number of registers using Asynchronous Clear ; 0     ;
; Number of registers using Asynchronous Load  ; 0     ;
; Number of registers using Clock Enable       ; 0     ;
; Number of registers using Preset             ; 0     ;
+----------------------------------------------+-------+


+----------------------------------------------------------------------------------------------------------------------------------------------------------------------------------+
; Port Connectivity Checks: "comparator_ae:unit2"                                                                                                                                  ;
+-------------+-------+----------+-------------------------------------------------------------------------------------------------------------------------------------------------+
; Port        ; Type  ; Severity ; Details                                                                                                                                         ;
+-------------+-------+----------+-------------------------------------------------------------------------------------------------------------------------------------------------+
; in0         ; Input ; Warning  ; Input port expression (1 bits) is smaller than the input port (33 bits) it drives.  Extra input bit(s) "in0[32..1]" will be connected to GND.   ;
; in1         ; Input ; Warning  ; Input port expression (32 bits) is smaller than the input port (33 bits) it drives.  Extra input bit(s) "in1[32..32]" will be connected to GND. ;
; in1[23..19] ; Input ; Info     ; Stuck at VCC                                                                                                                                    ;
; in1[15..12] ; Input ; Info     ; Stuck at VCC                                                                                                                                    ;
; in1[31..26] ; Input ; Info     ; Stuck at GND                                                                                                                                    ;
; in1[11..8]  ; Input ; Info     ; Stuck at GND                                                                                                                                    ;
; in1[6..0]   ; Input ; Info     ; Stuck at GND                                                                                                                                    ;
; in1[26]     ; Input ; Info     ; Stuck at VCC                                                                                                                                    ;
; in1[25]     ; Input ; Info     ; Stuck at GND                                                                                                                                    ;
; in1[19]     ; Input ; Info     ; Stuck at GND                                                                                                                                    ;
; in1[18]     ; Input ; Info     ; Stuck at VCC                                                                                                                                    ;
; in1[17]     ; Input ; Info     ; Stuck at GND                                                                                                                                    ;
; in1[8]      ; Input ; Info     ; Stuck at VCC                                                                                                                                    ;
+-------------+-------+----------+-------------------------------------------------------------------------------------------------------------------------------------------------+


+-----------------------------------------------------------------------------------------------------------------------------------------------------------------------------------------+
; Port Connectivity Checks: "counter:unit1"                                                                                                                                               ;
+------------+--------+----------+--------------------------------------------------------------------------------------------------------------------------------------------------------+
; Port       ; Type   ; Severity ; Details                                                                                                                                                ;
+------------+--------+----------+--------------------------------------------------------------------------------------------------------------------------------------------------------+
; load_value ; Input  ; Warning  ; Input port expression (32 bits) is smaller than the input port (33 bits) it drives.  Extra input bit(s) "load_value[32..32]" will be connected to GND. ;
; load_value ; Input  ; Info     ; Stuck at VCC                                                                                                                                           ;
; out_value  ; Output ; Warning  ; Output or bidir port (33 bits) is wider than the port expression (1 bits) it drives; bit(s) "out_value[32..1]" have no fanouts                         ;
+------------+--------+----------+--------------------------------------------------------------------------------------------------------------------------------------------------------+


+-----------------------------------------------------+
; Post-Synthesis Netlist Statistics for Top Partition ;
+-----------------------+-----------------------------+
; Type                  ; Count                       ;
+-----------------------+-----------------------------+
; arriav_ff             ; 33                          ;
;     SCLR              ; 33                          ;
; arriav_lcell_comb     ; 34                          ;
;     arith             ; 33                          ;
;         1 data inputs ; 33                          ;
;     normal            ; 1                           ;
;         0 data inputs ; 1                           ;
; boundary_port         ; 38                          ;
;                       ;                             ;
; Max LUT depth         ; 4.20                        ;
; Average LUT depth     ; 3.03                        ;
+-----------------------+-----------------------------+


+-------------------------------+
; Elapsed Time Per Partition    ;
+----------------+--------------+
; Partition Name ; Elapsed Time ;
+----------------+--------------+
; Top            ; 00:00:00     ;
+----------------+--------------+


+-------------------------------+
; Analysis & Synthesis Messages ;
+-------------------------------+
Info: *******************************************************************
Info: Running Quartus Prime Analysis & Synthesis
    Info: Version 19.1.0 Build 670 09/22/2019 SJ Lite Edition
    Info: Processing started: Tue Apr 07 14:32:32 2020
Info: Command: quartus_map --read_settings_files=on --write_settings_files=off top -c top
Warning (18236): Number of processors has not been specified which may cause overloading on shared machines.  Set the global assignment NUM_PARALLEL_PROCESSORS in your QSF to an appropriate value for best performance.
Info (20030): Parallel compilation is enabled and will use 4 of the 4 processors detected
Info (12021): Found 1 design units, including 1 entities, in source file counter.v
    Info (12023): Found entity 1: counter File: C:/Users/thema/Documents/Laborator CID - Mihai Antonescu/CID Lab 6/counter.v Line: 1
Info (12021): Found 1 design units, including 1 entities, in source file toggle_ff.v
    Info (12023): Found entity 1: toggle_ff File: C:/Users/thema/Documents/Laborator CID - Mihai Antonescu/CID Lab 6/toggle_ff.v Line: 1
Info (12021): Found 1 design units, including 1 entities, in source file freq_div.v
    Info (12023): Found entity 1: freq_div File: C:/Users/thema/Documents/Laborator CID - Mihai Antonescu/CID Lab 6/freq_div.v Line: 1
Info (12021): Found 1 design units, including 1 entities, in source file comparator_ae.v
    Info (12023): Found entity 1: comparator_ae File: C:/Users/thema/Documents/Laborator CID - Mihai Antonescu/CID Lab 6/comparator_ae.v Line: 1
Info (12021): Found 1 design units, including 1 entities, in source file top.v
    Info (12023): Found entity 1: top File: C:/Users/thema/Documents/Laborator CID - Mihai Antonescu/CID Lab 6/top.v Line: 1
Info (12127): Elaborating entity "top" for the top level hierarchy
Info (12128): Elaborating entity "counter" for hierarchy "counter:unit1" File: C:/Users/thema/Documents/Laborator CID - Mihai Antonescu/CID Lab 6/top.v Line: 14
Info (12128): Elaborating entity "comparator_ae" for hierarchy "comparator_ae:unit2" File: C:/Users/thema/Documents/Laborator CID - Mihai Antonescu/CID Lab 6/top.v Line: 17
Info (12128): Elaborating entity "toggle_ff" for hierarchy "toggle_ff:unit3" File: C:/Users/thema/Documents/Laborator CID - Mihai Antonescu/CID Lab 6/top.v Line: 21
Info (12128): Elaborating entity "freq_div" for hierarchy "freq_div:unit4" File: C:/Users/thema/Documents/Laborator CID - Mihai Antonescu/CID Lab 6/top.v Line: 24
Warning (12241): 2 hierarchies have connectivity warnings - see the Connectivity Checks report folder
Warning (13024): Output pins are stuck at VCC or GND
    Warning (13410): Pin "counter_1s" is stuck at GND File: C:/Users/thema/Documents/Laborator CID - Mihai Antonescu/CID Lab 6/top.v Line: 6
Info (17049): 33 registers lost all their fanouts during netlist optimizations.
Info (144001): Generated suppressed messages file C:/Users/thema/Documents/Laborator CID - Mihai Antonescu/CID Lab 6/output_files/top.map.smsg
Info (16010): Generating hard_block partition "hard_block:auto_generated_inst"
    Info (16011): Adding 0 node(s), including 0 DDIO, 0 PLL, 0 transceiver and 0 LCELL
Warning (21074): Design contains 2 input pin(s) that do not drive logic
    Warning (15610): No output dependent on input pin "load" File: C:/Users/thema/Documents/Laborator CID - Mihai Antonescu/CID Lab 6/top.v Line: 3
    Warning (15610): No output dependent on input pin "up_not_down" File: C:/Users/thema/Documents/Laborator CID - Mihai Antonescu/CID Lab 6/top.v Line: 4
Info (21057): Implemented 71 device resources after synthesis - the final resource count might be different
    Info (21058): Implemented 4 input pins
    Info (21059): Implemented 34 output pins
    Info (21061): Implemented 33 logic cells
Info: Quartus Prime Analysis & Synthesis was successful. 0 errors, 7 warnings
    Info: Peak virtual memory: 4809 megabytes
    Info: Processing ended: Tue Apr 07 14:32:49 2020
    Info: Elapsed time: 00:00:17
    Info: Total CPU time (on all processors): 00:00:46


+------------------------------------------+
; Analysis & Synthesis Suppressed Messages ;
+------------------------------------------+
The suppressed messages can be found in C:/Users/thema/Documents/Laborator CID - Mihai Antonescu/CID Lab 6/output_files/top.map.smsg.


