Analysis & Synthesis report for top
Tue Apr 14 18:05:32 2020
Quartus Prime Version 19.1.0 Build 670 09/22/2019 SJ Lite Edition


---------------------
; Table of Contents ;
---------------------
  1. Legal Notice
  2. Analysis & Synthesis Summary
  3. Analysis & Synthesis Settings
  4. Parallel Compilation
  5. Analysis & Synthesis Source Files Read
  6. Analysis & Synthesis Resource Usage Summary
  7. Analysis & Synthesis Resource Utilization by Entity
  8. General Register Statistics
  9. Multiplexer Restructuring Statistics (Restructuring Performed)
 10. Port Connectivity Checks: "comp_ae:comparator"
 11. Port Connectivity Checks: "counter_W_autoreset_mark3:numarator3"
 12. Port Connectivity Checks: "counter_W_autoreset_mark2:numarator2"
 13. Port Connectivity Checks: "counter_W_autoreset_mark1:numarator1"
 14. Post-Synthesis Netlist Statistics for Top Partition
 15. Elapsed Time Per Partition
 16. Analysis & Synthesis Messages



----------------
; Legal Notice ;
----------------
Copyright (C) 2019  Intel Corporation. All rights reserved.
Your use of Intel Corporation's design tools, logic functions 
and other software and tools, and any partner logic 
functions, and any output files from any of the foregoing 
(including device programming or simulation files), and any 
associated documentation or information are expressly subject 
to the terms and conditions of the Intel Program License 
Subscription Agreement, the Intel Quartus Prime License Agreement,
the Intel FPGA IP License Agreement, or other applicable license
agreement, including, without limitation, that your use is for
the sole purpose of programming logic devices manufactured by
Intel and sold by Intel or its authorized distributors.  Please
refer to the applicable agreement for further details, at
https://fpgasoftware.intel.com/eula.



+-------------------------------------------------------------------------------+
; Analysis & Synthesis Summary                                                  ;
+---------------------------------+---------------------------------------------+
; Analysis & Synthesis Status     ; Successful - Tue Apr 14 18:05:32 2020       ;
; Quartus Prime Version           ; 19.1.0 Build 670 09/22/2019 SJ Lite Edition ;
; Revision Name                   ; top                                         ;
; Top-level Entity Name           ; top                                         ;
; Family                          ; Cyclone V                                   ;
; Logic utilization (in ALMs)     ; N/A                                         ;
; Total registers                 ; 26                                          ;
; Total pins                      ; 3                                           ;
; Total virtual pins              ; 0                                           ;
; Total block memory bits         ; 0                                           ;
; Total DSP Blocks                ; 0                                           ;
; Total HSSI RX PCSs              ; 0                                           ;
; Total HSSI PMA RX Deserializers ; 0                                           ;
; Total HSSI TX PCSs              ; 0                                           ;
; Total HSSI PMA TX Serializers   ; 0                                           ;
; Total PLLs                      ; 0                                           ;
; Total DLLs                      ; 0                                           ;
+---------------------------------+---------------------------------------------+


+---------------------------------------------------------------------------------------------------------------------------+
; Analysis & Synthesis Settings                                                                                             ;
+---------------------------------------------------------------------------------+--------------------+--------------------+
; Option                                                                          ; Setting            ; Default Value      ;
+---------------------------------------------------------------------------------+--------------------+--------------------+
; Device                                                                          ; 5CGXFC7C7F23C8     ;                    ;
; Top-level entity name                                                           ; top                ; top                ;
; Family name                                                                     ; Cyclone V          ; Cyclone V          ;
; Use smart compilation                                                           ; Off                ; Off                ;
; Enable parallel Assembler and Timing Analyzer during compilation                ; On                 ; On                 ;
; Enable compact report table                                                     ; Off                ; Off                ;
; Restructure Multiplexers                                                        ; Auto               ; Auto               ;
; MLAB Add Timing Constraints For Mixed-Port Feed-Through Mode Setting Don't Care ; Off                ; Off                ;
; Create Debugging Nodes for IP Cores                                             ; Off                ; Off                ;
; Preserve fewer node names                                                       ; On                 ; On                 ;
; Intel FPGA IP Evaluation Mode                                                   ; Enable             ; Enable             ;
; Verilog Version                                                                 ; Verilog_2001       ; Verilog_2001       ;
; VHDL Version                                                                    ; VHDL_1993          ; VHDL_1993          ;
; State Machine Processing                                                        ; Auto               ; Auto               ;
; Safe State Machine                                                              ; Off                ; Off                ;
; Extract Verilog State Machines                                                  ; On                 ; On                 ;
; Extract VHDL State Machines                                                     ; On                 ; On                 ;
; Ignore Verilog initial constructs                                               ; Off                ; Off                ;
; Iteration limit for constant Verilog loops                                      ; 5000               ; 5000               ;
; Iteration limit for non-constant Verilog loops                                  ; 250                ; 250                ;
; Add Pass-Through Logic to Inferred RAMs                                         ; On                 ; On                 ;
; Infer RAMs from Raw Logic                                                       ; On                 ; On                 ;
; Parallel Synthesis                                                              ; On                 ; On                 ;
; DSP Block Balancing                                                             ; Auto               ; Auto               ;
; NOT Gate Push-Back                                                              ; On                 ; On                 ;
; Power-Up Don't Care                                                             ; On                 ; On                 ;
; Remove Redundant Logic Cells                                                    ; Off                ; Off                ;
; Remove Duplicate Registers                                                      ; On                 ; On                 ;
; Ignore CARRY Buffers                                                            ; Off                ; Off                ;
; Ignore CASCADE Buffers                                                          ; Off                ; Off                ;
; Ignore GLOBAL Buffers                                                           ; Off                ; Off                ;
; Ignore ROW GLOBAL Buffers                                                       ; Off                ; Off                ;
; Ignore LCELL Buffers                                                            ; Off                ; Off                ;
; Ignore SOFT Buffers                                                             ; On                 ; On                 ;
; Limit AHDL Integers to 32 Bits                                                  ; Off                ; Off                ;
; Optimization Technique                                                          ; Balanced           ; Balanced           ;
; Carry Chain Length                                                              ; 70                 ; 70                 ;
; Auto Carry Chains                                                               ; On                 ; On                 ;
; Auto Open-Drain Pins                                                            ; On                 ; On                 ;
; Perform WYSIWYG Primitive Resynthesis                                           ; Off                ; Off                ;
; Auto ROM Replacement                                                            ; On                 ; On                 ;
; Auto RAM Replacement                                                            ; On                 ; On                 ;
; Auto DSP Block Replacement                                                      ; On                 ; On                 ;
; Auto Shift Register Replacement                                                 ; Auto               ; Auto               ;
; Allow Shift Register Merging across Hierarchies                                 ; Auto               ; Auto               ;
; Auto Clock Enable Replacement                                                   ; On                 ; On                 ;
; Strict RAM Replacement                                                          ; Off                ; Off                ;
; Allow Synchronous Control Signals                                               ; On                 ; On                 ;
; Force Use of Synchronous Clear Signals                                          ; Off                ; Off                ;
; Auto Resource Sharing                                                           ; Off                ; Off                ;
; Allow Any RAM Size For Recognition                                              ; Off                ; Off                ;
; Allow Any ROM Size For Recognition                                              ; Off                ; Off                ;
; Allow Any Shift Register Size For Recognition                                   ; Off                ; Off                ;
; Use LogicLock Constraints during Resource Balancing                             ; On                 ; On                 ;
; Ignore translate_off and synthesis_off directives                               ; Off                ; Off                ;
; Timing-Driven Synthesis                                                         ; On                 ; On                 ;
; Report Parameter Settings                                                       ; On                 ; On                 ;
; Report Source Assignments                                                       ; On                 ; On                 ;
; Report Connectivity Checks                                                      ; On                 ; On                 ;
; Ignore Maximum Fan-Out Assignments                                              ; Off                ; Off                ;
; Synchronization Register Chain Length                                           ; 3                  ; 3                  ;
; Power Optimization During Synthesis                                             ; Normal compilation ; Normal compilation ;
; HDL message level                                                               ; Level2             ; Level2             ;
; Suppress Register Optimization Related Messages                                 ; Off                ; Off                ;
; Number of Removed Registers Reported in Synthesis Report                        ; 5000               ; 5000               ;
; Number of Swept Nodes Reported in Synthesis Report                              ; 5000               ; 5000               ;
; Number of Inverted Registers Reported in Synthesis Report                       ; 100                ; 100                ;
; Clock MUX Protection                                                            ; On                 ; On                 ;
; Auto Gated Clock Conversion                                                     ; Off                ; Off                ;
; Block Design Naming                                                             ; Auto               ; Auto               ;
; SDC constraint protection                                                       ; Off                ; Off                ;
; Synthesis Effort                                                                ; Auto               ; Auto               ;
; Shift Register Replacement - Allow Asynchronous Clear Signal                    ; On                 ; On                 ;
; Pre-Mapping Resynthesis Optimization                                            ; Off                ; Off                ;
; Analysis & Synthesis Message Level                                              ; Medium             ; Medium             ;
; Disable Register Merging Across Hierarchies                                     ; Auto               ; Auto               ;
; Resource Aware Inference For Block RAM                                          ; On                 ; On                 ;
; Automatic Parallel Synthesis                                                    ; On                 ; On                 ;
; Partial Reconfiguration Bitstream ID                                            ; Off                ; Off                ;
+---------------------------------------------------------------------------------+--------------------+--------------------+


+------------------------------------------+
; Parallel Compilation                     ;
+----------------------------+-------------+
; Processors                 ; Number      ;
+----------------------------+-------------+
; Number detected on machine ; 8           ;
; Maximum allowed            ; 4           ;
;                            ;             ;
; Average used               ; 1.00        ;
; Maximum used               ; 4           ;
;                            ;             ;
; Usage by Processor         ; % Time Used ;
;     Processor 1            ; 100.0%      ;
;     Processors 2-4         ;   0.0%      ;
+----------------------------+-------------+


+-----------------------------------------------------------------------------------------------------------------------------------------------------------------------------------------------+
; Analysis & Synthesis Source Files Read                                                                                                                                                        ;
+----------------------------------+-----------------+------------------------+-------------------------------------------------------------------------------------------------------+---------+
; File Name with User-Entered Path ; Used in Netlist ; File Type              ; File Name with Absolute Path                                                                          ; Library ;
+----------------------------------+-----------------+------------------------+-------------------------------------------------------------------------------------------------------+---------+
; top.v                            ; yes             ; User Verilog HDL File  ; C:/Users/thema/Documents/Laborator CID - Mihai Antonescu/CID Lab 7/Part 2/top.v                       ;         ;
; counter_w_autoreset_mark1.v      ; yes             ; User Verilog HDL File  ; C:/Users/thema/Documents/Laborator CID - Mihai Antonescu/CID Lab 7/Part 2/counter_w_autoreset_mark1.v ;         ;
; counter_w_autoreset_mark2.v      ; yes             ; User Verilog HDL File  ; C:/Users/thema/Documents/Laborator CID - Mihai Antonescu/CID Lab 7/Part 2/counter_w_autoreset_mark2.v ;         ;
; counter_w_autoreset_mark3.v      ; yes             ; User Verilog HDL File  ; C:/Users/thema/Documents/Laborator CID - Mihai Antonescu/CID Lab 7/Part 2/counter_w_autoreset_mark3.v ;         ;
; comp_ae.v                        ; yes             ; User Verilog HDL File  ; C:/Users/thema/Documents/Laborator CID - Mihai Antonescu/CID Lab 7/Part 2/comp_ae.v                   ;         ;
+----------------------------------+-----------------+------------------------+-------------------------------------------------------------------------------------------------------+---------+


+---------------------------------------------------------+
; Analysis & Synthesis Resource Usage Summary             ;
+---------------------------------------------+-----------+
; Resource                                    ; Usage     ;
+---------------------------------------------+-----------+
; Estimate of Logic utilization (ALMs needed) ; 17        ;
;                                             ;           ;
; Combinational ALUT usage for logic          ; 33        ;
;     -- 7 input functions                    ; 0         ;
;     -- 6 input functions                    ; 1         ;
;     -- 5 input functions                    ; 2         ;
;     -- 4 input functions                    ; 2         ;
;     -- <=3 input functions                  ; 28        ;
;                                             ;           ;
; Dedicated logic registers                   ; 26        ;
;                                             ;           ;
; I/O pins                                    ; 3         ;
;                                             ;           ;
; Total DSP Blocks                            ; 0         ;
;                                             ;           ;
; Maximum fan-out node                        ; clk~input ;
; Maximum fan-out                             ; 26        ;
; Total fan-out                               ; 160       ;
; Average fan-out                             ; 2.46      ;
+---------------------------------------------+-----------+


+-------------------------------------------------------------------------------------------------------------------------------------------------------------------------------------------------------------------------------------------+
; Analysis & Synthesis Resource Utilization by Entity                                                                                                                                                                                       ;
+-------------------------------------------+---------------------+---------------------------+-------------------+------------+------+--------------+-------------------------------------------+---------------------------+--------------+
; Compilation Hierarchy Node                ; Combinational ALUTs ; Dedicated Logic Registers ; Block Memory Bits ; DSP Blocks ; Pins ; Virtual Pins ; Full Hierarchy Name                       ; Entity Name               ; Library Name ;
+-------------------------------------------+---------------------+---------------------------+-------------------+------------+------+--------------+-------------------------------------------+---------------------------+--------------+
; |top                                      ; 33 (0)              ; 26 (0)                    ; 0                 ; 0          ; 3    ; 0            ; |top                                      ; top                       ; work         ;
;    |comp_ae:comparator|                   ; 1 (1)               ; 0 (0)                     ; 0                 ; 0          ; 0    ; 0            ; |top|comp_ae:comparator                   ; comp_ae                   ; work         ;
;    |counter_W_autoreset_mark1:numarator1| ; 11 (11)             ; 9 (9)                     ; 0                 ; 0          ; 0    ; 0            ; |top|counter_W_autoreset_mark1:numarator1 ; counter_W_autoreset_mark1 ; work         ;
;    |counter_W_autoreset_mark2:numarator2| ; 11 (11)             ; 9 (9)                     ; 0                 ; 0          ; 0    ; 0            ; |top|counter_W_autoreset_mark2:numarator2 ; counter_W_autoreset_mark2 ; work         ;
;    |counter_W_autoreset_mark3:numarator3| ; 10 (10)             ; 8 (8)                     ; 0                 ; 0          ; 0    ; 0            ; |top|counter_W_autoreset_mark3:numarator3 ; counter_W_autoreset_mark3 ; work         ;
+-------------------------------------------+---------------------+---------------------------+-------------------+------------+------+--------------+-------------------------------------------+---------------------------+--------------+
Note: For table entries with two numbers listed, the numbers in parentheses indicate the number of resources of the given type used by the specific entity alone. The numbers listed outside of parentheses indicate the total resources of the given type used by the specific entity and all of its sub-entities in the hierarchy.


+------------------------------------------------------+
; General Register Statistics                          ;
+----------------------------------------------+-------+
; Statistic                                    ; Value ;
+----------------------------------------------+-------+
; Total registers                              ; 26    ;
; Number of registers using Synchronous Clear  ; 24    ;
; Number of registers using Synchronous Load   ; 0     ;
; Number of registers using Asynchronous Clear ; 0     ;
; Number of registers using Asynchronous Load  ; 0     ;
; Number of registers using Clock Enable       ; 0     ;
; Number of registers using Preset             ; 0     ;
+----------------------------------------------+-------+


+------------------------------------------------------------------------------------------------------------------------------------------------------------------+
; Multiplexer Restructuring Statistics (Restructuring Performed)                                                                                                   ;
+--------------------+-----------+---------------+----------------------+------------------------+------------+----------------------------------------------------+
; Multiplexer Inputs ; Bus Width ; Baseline Area ; Area if Restructured ; Saving if Restructured ; Registered ; Example Multiplexer Output                         ;
+--------------------+-----------+---------------+----------------------+------------------------+------------+----------------------------------------------------+
; 3:1                ; 8 bits    ; 16 LEs        ; 0 LEs                ; 16 LEs                 ; Yes        ; |top|counter_W_autoreset_mark1:numarator1|value[0] ;
; 3:1                ; 8 bits    ; 16 LEs        ; 0 LEs                ; 16 LEs                 ; Yes        ; |top|counter_W_autoreset_mark3:numarator3|value[0] ;
; 3:1                ; 8 bits    ; 16 LEs        ; 0 LEs                ; 16 LEs                 ; Yes        ; |top|counter_W_autoreset_mark2:numarator2|value[7] ;
+--------------------+-----------+---------------+----------------------+------------------------+------------+----------------------------------------------------+


+-----------------------------------------------------------------------------------------------------------------------------------------------------------------------+
; Port Connectivity Checks: "comp_ae:comparator"                                                                                                                        ;
+------+-------+----------+---------------------------------------------------------------------------------------------------------------------------------------------+
; Port ; Type  ; Severity ; Details                                                                                                                                     ;
+------+-------+----------+---------------------------------------------------------------------------------------------------------------------------------------------+
; in0  ; Input ; Warning  ; Input port expression (1 bits) is smaller than the input port (8 bits) it drives.  Extra input bit(s) "in0[7..1]" will be connected to GND. ;
; in1  ; Input ; Warning  ; Input port expression (1 bits) is smaller than the input port (8 bits) it drives.  Extra input bit(s) "in1[7..1]" will be connected to GND. ;
+------+-------+----------+---------------------------------------------------------------------------------------------------------------------------------------------+


+--------------------------------------------------------------------------------------------------------------------------------------------------------------------------------------------------------------------------------+
; Port Connectivity Checks: "counter_W_autoreset_mark3:numarator3"                                                                                                                                                               ;
+-----------------------+--------+----------+------------------------------------------------------------------------------------------------------------------------------------------------------------------------------------+
; Port                  ; Type   ; Severity ; Details                                                                                                                                                                            ;
+-----------------------+--------+----------+------------------------------------------------------------------------------------------------------------------------------------------------------------------------------------+
; autoreset_limit       ; Input  ; Warning  ; Input port expression (32 bits) is wider than the input port (8 bits) it drives.  The 24 most-significant bit(s) in the expression will be dangling if they have no other fanouts. ;
; autoreset_limit[6..5] ; Input  ; Info     ; Stuck at VCC                                                                                                                                                                       ;
; autoreset_limit[4..3] ; Input  ; Info     ; Stuck at GND                                                                                                                                                                       ;
; autoreset_limit[1..0] ; Input  ; Info     ; Stuck at GND                                                                                                                                                                       ;
; autoreset_limit[7]    ; Input  ; Info     ; Stuck at GND                                                                                                                                                                       ;
; autoreset_limit[2]    ; Input  ; Info     ; Stuck at VCC                                                                                                                                                                       ;
; value                 ; Output ; Warning  ; Output or bidir port (8 bits) is wider than the port expression (1 bits) it drives; bit(s) "value[7..1]" have no fanouts                                                           ;
+-----------------------+--------+----------+------------------------------------------------------------------------------------------------------------------------------------------------------------------------------------+


+-------------------------------------------------------------------------------------------------------------------------------------------------------------------------------------------------------------------------------+
; Port Connectivity Checks: "counter_W_autoreset_mark2:numarator2"                                                                                                                                                              ;
+-----------------------+-------+----------+------------------------------------------------------------------------------------------------------------------------------------------------------------------------------------+
; Port                  ; Type  ; Severity ; Details                                                                                                                                                                            ;
+-----------------------+-------+----------+------------------------------------------------------------------------------------------------------------------------------------------------------------------------------------+
; autoreset_limit       ; Input ; Warning  ; Input port expression (32 bits) is wider than the input port (8 bits) it drives.  The 24 most-significant bit(s) in the expression will be dangling if they have no other fanouts. ;
; autoreset_limit[5..4] ; Input ; Info     ; Stuck at VCC                                                                                                                                                                       ;
; autoreset_limit[7..6] ; Input ; Info     ; Stuck at GND                                                                                                                                                                       ;
; autoreset_limit[3..2] ; Input ; Info     ; Stuck at GND                                                                                                                                                                       ;
; autoreset_limit[1]    ; Input ; Info     ; Stuck at VCC                                                                                                                                                                       ;
; autoreset_limit[0]    ; Input ; Info     ; Stuck at GND                                                                                                                                                                       ;
+-----------------------+-------+----------+------------------------------------------------------------------------------------------------------------------------------------------------------------------------------------+


+--------------------------------------------------------------------------------------------------------------------------------------------------------------------------------------------------------------------------------+
; Port Connectivity Checks: "counter_W_autoreset_mark1:numarator1"                                                                                                                                                               ;
+-----------------------+--------+----------+------------------------------------------------------------------------------------------------------------------------------------------------------------------------------------+
; Port                  ; Type   ; Severity ; Details                                                                                                                                                                            ;
+-----------------------+--------+----------+------------------------------------------------------------------------------------------------------------------------------------------------------------------------------------+
; en                    ; Input  ; Warning  ; Input port expression (32 bits) is wider than the input port (1 bits) it drives.  The 31 most-significant bit(s) in the expression will be dangling if they have no other fanouts. ;
; en[-1]                ; Input  ; Info     ; Stuck at VCC                                                                                                                                                                       ;
; autoreset_limit       ; Input  ; Warning  ; Input port expression (32 bits) is wider than the input port (8 bits) it drives.  The 24 most-significant bit(s) in the expression will be dangling if they have no other fanouts. ;
; autoreset_limit[6..5] ; Input  ; Info     ; Stuck at VCC                                                                                                                                                                       ;
; autoreset_limit[4..3] ; Input  ; Info     ; Stuck at GND                                                                                                                                                                       ;
; autoreset_limit[1..0] ; Input  ; Info     ; Stuck at GND                                                                                                                                                                       ;
; autoreset_limit[7]    ; Input  ; Info     ; Stuck at GND                                                                                                                                                                       ;
; autoreset_limit[2]    ; Input  ; Info     ; Stuck at VCC                                                                                                                                                                       ;
; value                 ; Output ; Warning  ; Output or bidir port (8 bits) is wider than the port expression (1 bits) it drives; bit(s) "value[7..1]" have no fanouts                                                           ;
+-----------------------+--------+----------+------------------------------------------------------------------------------------------------------------------------------------------------------------------------------------+


+-----------------------------------------------------+
; Post-Synthesis Netlist Statistics for Top Partition ;
+-----------------------+-----------------------------+
; Type                  ; Count                       ;
+-----------------------+-----------------------------+
; arriav_ff             ; 26                          ;
;     SCLR              ; 24                          ;
;     plain             ; 2                           ;
; arriav_lcell_comb     ; 33                          ;
;     arith             ; 24                          ;
;         1 data inputs ; 22                          ;
;         2 data inputs ; 2                           ;
;     normal            ; 9                           ;
;         2 data inputs ; 3                           ;
;         3 data inputs ; 1                           ;
;         4 data inputs ; 2                           ;
;         5 data inputs ; 2                           ;
;         6 data inputs ; 1                           ;
; boundary_port         ; 3                           ;
;                       ;                             ;
; Max LUT depth         ; 2.00                        ;
; Average LUT depth     ; 1.60                        ;
+-----------------------+-----------------------------+


+-------------------------------+
; Elapsed Time Per Partition    ;
+----------------+--------------+
; Partition Name ; Elapsed Time ;
+----------------+--------------+
; Top            ; 00:00:00     ;
+----------------+--------------+


+-------------------------------+
; Analysis & Synthesis Messages ;
+-------------------------------+
Info: *******************************************************************
Info: Running Quartus Prime Analysis & Synthesis
    Info: Version 19.1.0 Build 670 09/22/2019 SJ Lite Edition
    Info: Processing started: Tue Apr 14 18:05:09 2020
Info: Command: quartus_map --read_settings_files=on --write_settings_files=off top -c top
Warning (18236): Number of processors has not been specified which may cause overloading on shared machines.  Set the global assignment NUM_PARALLEL_PROCESSORS in your QSF to an appropriate value for best performance.
Info (20030): Parallel compilation is enabled and will use 4 of the 4 processors detected
Info (12021): Found 1 design units, including 1 entities, in source file top.v
    Info (12023): Found entity 1: top File: C:/Users/thema/Documents/Laborator CID - Mihai Antonescu/CID Lab 7/Part 2/top.v Line: 1
Info (12021): Found 1 design units, including 1 entities, in source file counter_w_autoreset_mark1.v
    Info (12023): Found entity 1: counter_W_autoreset_mark1 File: C:/Users/thema/Documents/Laborator CID - Mihai Antonescu/CID Lab 7/Part 2/counter_w_autoreset_mark1.v Line: 1
Info (12021): Found 1 design units, including 1 entities, in source file counter_w_autoreset_mark2.v
    Info (12023): Found entity 1: counter_W_autoreset_mark2 File: C:/Users/thema/Documents/Laborator CID - Mihai Antonescu/CID Lab 7/Part 2/counter_w_autoreset_mark2.v Line: 1
Info (12021): Found 1 design units, including 1 entities, in source file counter_w_autoreset_mark3.v
    Info (12023): Found entity 1: counter_W_autoreset_mark3 File: C:/Users/thema/Documents/Laborator CID - Mihai Antonescu/CID Lab 7/Part 2/counter_w_autoreset_mark3.v Line: 1
Info (12021): Found 1 design units, including 1 entities, in source file comp_ae.v
    Info (12023): Found entity 1: comp_ae File: C:/Users/thema/Documents/Laborator CID - Mihai Antonescu/CID Lab 7/Part 2/comp_ae.v Line: 1
Info (12021): Found 1 design units, including 1 entities, in source file tb.v
    Info (12023): Found entity 1: tb File: C:/Users/thema/Documents/Laborator CID - Mihai Antonescu/CID Lab 7/Part 2/tb.v Line: 1
Warning (10236): Verilog HDL Implicit Net warning at top.v(22): created implicit net for "counter3_to_comp_ae" File: C:/Users/thema/Documents/Laborator CID - Mihai Antonescu/CID Lab 7/Part 2/top.v Line: 22
Info (12127): Elaborating entity "top" for the top level hierarchy
Info (12128): Elaborating entity "counter_W_autoreset_mark1" for hierarchy "counter_W_autoreset_mark1:numarator1" File: C:/Users/thema/Documents/Laborator CID - Mihai Antonescu/CID Lab 7/Part 2/top.v Line: 12
Warning (10230): Verilog HDL assignment warning at counter_w_autoreset_mark1.v(26): truncated value with size 32 to match size of target (8) File: C:/Users/thema/Documents/Laborator CID - Mihai Antonescu/CID Lab 7/Part 2/counter_w_autoreset_mark1.v Line: 26
Info (12128): Elaborating entity "counter_W_autoreset_mark2" for hierarchy "counter_W_autoreset_mark2:numarator2" File: C:/Users/thema/Documents/Laborator CID - Mihai Antonescu/CID Lab 7/Part 2/top.v Line: 17
Warning (10230): Verilog HDL assignment warning at counter_w_autoreset_mark2.v(26): truncated value with size 32 to match size of target (8) File: C:/Users/thema/Documents/Laborator CID - Mihai Antonescu/CID Lab 7/Part 2/counter_w_autoreset_mark2.v Line: 26
Info (12128): Elaborating entity "counter_W_autoreset_mark3" for hierarchy "counter_W_autoreset_mark3:numarator3" File: C:/Users/thema/Documents/Laborator CID - Mihai Antonescu/CID Lab 7/Part 2/top.v Line: 22
Warning (10036): Verilog HDL or VHDL warning at counter_w_autoreset_mark3.v(7): object "autoreset" assigned a value but never read File: C:/Users/thema/Documents/Laborator CID - Mihai Antonescu/CID Lab 7/Part 2/counter_w_autoreset_mark3.v Line: 7
Warning (10230): Verilog HDL assignment warning at counter_w_autoreset_mark3.v(26): truncated value with size 32 to match size of target (8) File: C:/Users/thema/Documents/Laborator CID - Mihai Antonescu/CID Lab 7/Part 2/counter_w_autoreset_mark3.v Line: 26
Info (12128): Elaborating entity "comp_ae" for hierarchy "comp_ae:comparator" File: C:/Users/thema/Documents/Laborator CID - Mihai Antonescu/CID Lab 7/Part 2/top.v Line: 25
Warning (12241): 4 hierarchies have connectivity warnings - see the Connectivity Checks report folder
Info (286030): Timing-Driven Synthesis is running
Info (16010): Generating hard_block partition "hard_block:auto_generated_inst"
    Info (16011): Adding 0 node(s), including 0 DDIO, 0 PLL, 0 transceiver and 0 LCELL
Info (21057): Implemented 36 device resources after synthesis - the final resource count might be different
    Info (21058): Implemented 2 input pins
    Info (21059): Implemented 1 output pins
    Info (21061): Implemented 33 logic cells
Info: Quartus Prime Analysis & Synthesis was successful. 0 errors, 7 warnings
    Info: Peak virtual memory: 4830 megabytes
    Info: Processing ended: Tue Apr 14 18:05:32 2020
    Info: Elapsed time: 00:00:23
    Info: Total CPU time (on all processors): 00:01:02


